#
# A fatal error has been detected by the Java Runtime Environment:
#
#  EXCEPTION_ACCESS_VIOLATION (0xc0000005) at pc=0x000000000bba21f5, pid=5240, tid=6412
#
# JRE version: 7.0_04-b22
# Java VM: Java HotSpot(TM) 64-Bit Server VM (23.0-b21 mixed mode windows-amd64 compressed oops)
# Problematic frame:
# C  [ig4icd64.dll+0x7521f5]  DllMain+0x3246b5
#
# Failed to write core dump. Minidumps are not enabled by default on client versions of Windows
#
# If you would like to submit a bug report, please visit:
#   http://bugreport.sun.com/bugreport/crash.jsp
# The crash happened outside the Java Virtual Machine in native code.
# See problematic frame for where to report the bug.
#

---------------  T H R E A D  ---------------

Current thread (0x000000000a30b800):  JavaThread "LWJGL Application" [_thread_in_native, id=6412, stack(0x000000000b1e0000,0x000000000b2e0000)]

siginfo: ExceptionCode=0xc0000005, reading address 0x0000000000000000

Registers:
RAX=0x0000000012a6b8a0, RBX=0x0000000000000000, RCX=0x0000000000000000, RDX=0x000000000b2dec20
RSP=0x000000000b2dea30, RBP=0x0000000000000000, RSI=0x000000000b2dec20, RDI=0x000000000b2dee30
R8 =0x0000000000000000, R9 =0x0000000012a6b860, R10=0x0000000000000016, R11=0x000000000b2deb00
R12=0x000000000e1bdeb0, R13=0x000000000e1bdb70, R14=0x0000000000000000, R15=0x000000000e1bdb70
RIP=0x000000000bba21f5, EFLAGS=0x0000000000010297

Top of Stack: (sp=0x000000000b2dea30)
0x000000000b2dea30:   0000000000000000 000000000e1bdb70
0x000000000b2dea40:   000000000e1bdeb0 000000000b2dee30
0x000000000b2dea50:   000000000b2dee30 000000000bba9ef5
0x000000000b2dea60:   0000000000000000 000000000c962e88
0x000000000b2dea70:   000000000b2dee00 000000000b2dee00
0x000000000b2dea80:   000000000c7f12f0 0000000000000111
0x000000000b2dea90:   0000000012a6b8a0 0000000012a6b770
0x000000000b2deaa0:   000000000c7f0418 0000000012ab7e80
0x000000000b2deab0:   0000000000000000 0000000000000000
0x000000000b2deac0:   0000000000000000 0000000012a6b8b0
0x000000000b2dead0:   00000000002d96a0 00000000002d5a3c
0x000000000b2deae0:   0000000012a6b7f0 0000000012a6b7f0
0x000000000b2deaf0:   0000000012a6b7f8 00000000002d0230
0x000000000b2deb00:   0000000012a6b790 0000000000000000
0x000000000b2deb10:   0000000000000010 0000000012a6b7c0
0x000000000b2deb20:   0000000012a6b7c8 0000000012a6b7c8 

Instructions: (pc=0x000000000bba21f5)
0x000000000bba21d5:   2b 47 18 48 c1 f8 03 48 3b d8 72 05 e8 4a 35 64
0x000000000bba21e5:   00 48 8b 47 18 48 8b d6 48 8b 0c d8 48 8b 49 30
0x000000000bba21f5:   48 8b 01 ff 50 10 48 8b 4f 20 ff c5 48 2b 4f 18
0x000000000bba2205:   8b c5 48 ff c3 48 c1 f9 03 48 3b c1 72 a4 48 8b 


Register to memory mapping:

RAX=0x0000000012a6b8a0 is an unknown value
RBX=0x0000000000000000 is an unknown value
RCX=0x0000000000000000 is an unknown value
RDX=0x000000000b2dec20 is pointing into the stack for thread: 0x000000000a30b800
RSP=0x000000000b2dea30 is pointing into the stack for thread: 0x000000000a30b800
RBP=0x0000000000000000 is an unknown value
RSI=0x000000000b2dec20 is pointing into the stack for thread: 0x000000000a30b800
RDI=0x000000000b2dee30 is pointing into the stack for thread: 0x000000000a30b800
R8 =0x0000000000000000 is an unknown value
R9 =0x0000000012a6b860 is an unknown value
R10=0x0000000000000016 is an unknown value
R11=0x000000000b2deb00 is pointing into the stack for thread: 0x000000000a30b800
R12=0x000000000e1bdeb0 is an unknown value
R13=0x000000000e1bdb70 is an unknown value
R14=0x0000000000000000 is an unknown value
R15=0x000000000e1bdb70 is an unknown value


Stack: [0x000000000b1e0000,0x000000000b2e0000],  sp=0x000000000b2dea30,  free space=1018k
Native frames: (J=compiled Java code, j=interpreted, Vv=VM code, C=native code)
C  [ig4icd64.dll+0x7521f5]  DllMain+0x3246b5

[error occurred during error reporting (printing native stack), id 0xc0000005]

Java frames: (J=compiled Java code, j=interpreted, Vv=VM code)
j  org.lwjgl.opengl.GL20.nglLinkProgram(IJ)V+0
j  org.lwjgl.opengl.GL20.glLinkProgram(I)V+15
j  com.badlogic.gdx.backends.lwjgl.LwjglGL20.glLinkProgram(I)V+1
j  com.badlogic.gdx.graphics.glutils.ShaderProgram.linkProgram()I+46
j  com.badlogic.gdx.graphics.glutils.ShaderProgram.compileShaders(Ljava/lang/String;Ljava/lang/String;)V+46
j  com.badlogic.gdx.graphics.glutils.ShaderProgram.<init>(Ljava/lang/String;Ljava/lang/String;)V+162
j  com.badlogic.gdx.graphics.glutils.ShaderProgram.<init>(Lcom/badlogic/gdx/files/FileHandle;Lcom/badlogic/gdx/files/FileHandle;)V+9
j  com.nnarain.fps.world.GL20WorldRenderer.<init>(Lcom/nnarain/fps/world/World;)V+72
j  com.nnarain.fps.screens.GameScreen.show()V+31
j  com.badlogic.gdx.Game.setScreen(Lcom/badlogic/gdx/Screen;)V+32
j  com.nnarain.fps.Fps.create()V+5
j  com.badlogic.gdx.backends.lwjgl.LwjglApplication.mainLoop()V+24
j  com.badlogic.gdx.backends.lwjgl.LwjglApplication$1.run()V+27
v  ~StubRoutines::call_stub

---------------  P R O C E S S  ---------------

Java Threads: ( => current thread )
  0x0000000001e1d000 JavaThread "DestroyJavaVM" [_thread_blocked, id=3992, stack(0x0000000002010000,0x0000000002110000)]
=>0x000000000a30b800 JavaThread "LWJGL Application" [_thread_in_native, id=6412, stack(0x000000000b1e0000,0x000000000b2e0000)]
  0x00000000089a1800 JavaThread "Service Thread" daemon [_thread_blocked, id=6160, stack(0x0000000009fd0000,0x000000000a0d0000)]
  0x00000000089a0000 JavaThread "C2 CompilerThread1" daemon [_thread_blocked, id=4876, stack(0x0000000009ea0000,0x0000000009fa0000)]
  0x0000000008987800 JavaThread "C2 CompilerThread0" daemon [_thread_in_native, id=2824, stack(0x0000000009d30000,0x0000000009e30000)]
  0x0000000008986800 JavaThread "Attach Listener" daemon [_thread_blocked, id=5972, stack(0x0000000009ad0000,0x0000000009bd0000)]
  0x000000000897f800 JavaThread "Signal Dispatcher" daemon [_thread_blocked, id=3568, stack(0x0000000009bd0000,0x0000000009cd0000)]
  0x0000000001e06000 JavaThread "Finalizer" daemon [_thread_blocked, id=4160, stack(0x00000000098b0000,0x00000000099b0000)]
  0x0000000001dff000 JavaThread "Reference Handler" daemon [_thread_blocked, id=6892, stack(0x00000000099b0000,0x0000000009ab0000)]

Other Threads:
  0x0000000008902800 VMThread [stack: 0x0000000009760000,0x0000000009860000] [id=5048]
  0x00000000089bc000 WatcherThread [stack: 0x000000000a100000,0x000000000a200000] [id=2088]

VM state:not at safepoint (normal execution)

VM Mutex/Monitor currently owned by a thread: None

Heap
 PSYoungGen      total 18688K, used 5154K [0x00000000eb200000, 0x00000000ec6d0000, 0x0000000000000000)
  eden space 16064K, 25% used [0x00000000eb200000,0x00000000eb5fa8d8,0x00000000ec1b0000)
  from space 2624K, 41% used [0x00000000ec440000,0x00000000ec54e058,0x00000000ec6d0000)
  to   space 2624K, 0% used [0x00000000ec1b0000,0x00000000ec1b0000,0x00000000ec440000)
 ParOldGen       total 42752K, used 16K [0x00000000c1600000, 0x00000000c3fc0000, 0x00000000eb200000)
  object space 42752K, 0% used [0x00000000c1600000,0x00000000c1604000,0x00000000c3fc0000)
 PSPermGen       total 21248K, used 6230K [0x00000000bc400000, 0x00000000bd8c0000, 0x00000000c1600000)
  object space 21248K, 29% used [0x00000000bc400000,0x00000000bca15be0,0x00000000bd8c0000)

Code Cache  [0x0000000002110000, 0x0000000002380000, 0x0000000005110000)
 total_blobs=487 nmethods=134 adapters=305 free_code_cache=48386Kb largest_free_block=49526528

Compilation events (10 events):
Event: 1.426 Thread 0x00000000089a0000  130             com.jcraft.jorbis.Floor1::render_line (143 bytes)
Event: 1.429 Thread 0x00000000089a0000 nmethod 130 0x00000000021cadd0 code [0x00000000021caf20, 0x00000000021cb298]
Event: 1.429 Thread 0x00000000089a0000  131  s          com.jcraft.jorbis.Mdct::backward (468 bytes)
Event: 1.441 Thread 0x00000000089a0000 nmethod 131 0x00000000021ce510 code [0x00000000021ce6a0, 0x00000000021cf5c8]
Event: 1.441 Thread 0x00000000089a0000  132   !         com.badlogic.gdx.backends.openal.OggInputStream::readPCM (668 bytes)
Event: 1.461 Thread 0x00000000089a0000 nmethod 132 0x00000000021d2290 code [0x00000000021d2560, 0x00000000021d3908]
Event: 1.461 Thread 0x00000000089a0000  133             java.lang.AbstractStringBuilder::append (29 bytes)
Event: 1.463 Thread 0x00000000089a0000 nmethod 133 0x00000000021cde90 code [0x00000000021cdfe0, 0x00000000021ce2b8]
Event: 1.463 Thread 0x00000000089a0000  134             java.lang.String::startsWith (7 bytes)
Event: 1.465 Thread 0x00000000089a0000 nmethod 134 0x00000000021caa10 code [0x00000000021cab40, 0x00000000021cacd8]

GC Heap History (4 events):
Event: 1.051 GC heap before
{Heap before GC invocations=1 (full 0):
 PSYoungGen      total 18688K, used 16064K [0x00000000eb200000, 0x00000000ec6d0000, 0x0000000000000000)
  eden space 16064K, 100% used [0x00000000eb200000,0x00000000ec1b0000,0x00000000ec1b0000)
  from space 2624K, 0% used [0x00000000ec440000,0x00000000ec440000,0x00000000ec6d0000)
  to   space 2624K, 0% used [0x00000000ec1b0000,0x00000000ec1b0000,0x00000000ec440000)
 ParOldGen       total 42752K, used 0K [0x00000000c1600000, 0x00000000c3fc0000, 0x00000000eb200000)
  object space 42752K, 0% used [0x00000000c1600000,0x00000000c1600000,0x00000000c3fc0000)
 PSPermGen       total 21248K, used 5853K [0x00000000bc400000, 0x00000000bd8c0000, 0x00000000c1600000)
  object space 21248K, 27% used [0x00000000bc400000,0x00000000bc9b7428,0x00000000bd8c0000)
Event: 1.056 GC heap after
Heap after GC invocations=1 (full 0):
 PSYoungGen      total 18688K, used 2380K [0x00000000eb200000, 0x00000000ec6d0000, 0x0000000000000000)
  eden space 16064K, 0% used [0x00000000eb200000,0x00000000eb200000,0x00000000ec1b0000)
  from space 2624K, 90% used [0x00000000ec1b0000,0x00000000ec403158,0x00000000ec440000)
  to   space 2624K, 0% used [0x00000000ec440000,0x00000000ec440000,0x00000000ec6d0000)
 ParOldGen       total 42752K, used 8K [0x00000000c1600000, 0x00000000c3fc0000, 0x00000000eb200000)
  object space 42752K, 0% used [0x00000000c1600000,0x00000000c1602000,0x00000000c3fc0000)
 PSPermGen       total 21248K, used 5853K [0x00000000bc400000, 0x00000000bd8c0000, 0x00000000c1600000)
  object space 21248K, 27% used [0x00000000bc400000,0x00000000bc9b7428,0x00000000bd8c0000)
}
Event: 1.189 GC heap before
{Heap before GC invocations=2 (full 0):
 PSYoungGen      total 18688K, used 18444K [0x00000000eb200000, 0x00000000ec6d0000, 0x0000000000000000)
  eden space 16064K, 100% used [0x00000000eb200000,0x00000000ec1b0000,0x00000000ec1b0000)
  from space 2624K, 90% used [0x00000000ec1b0000,0x00000000ec403158,0x00000000ec440000)
  to   space 2624K, 0% used [0x00000000ec440000,0x00000000ec440000,0x00000000ec6d0000)
 ParOldGen       total 42752K, used 8K [0x00000000c1600000, 0x00000000c3fc0000, 0x00000000eb200000)
  object space 42752K, 0% used [0x00000000c1600000,0x00000000c1602000,0x00000000c3fc0000)
 PSPermGen       total 21248K, used 5855K [0x00000000bc400000, 0x00000000bd8c0000, 0x00000000c1600000)
  object space 21248K, 27% used [0x00000000bc400000,0x00000000bc9b7fe8,0x00000000bd8c0000)
Event: 1.191 GC heap after
Heap after GC invocations=2 (full 0):
 PSYoungGen      total 18688K, used 1080K [0x00000000eb200000, 0x00000000ec6d0000, 0x0000000000000000)
  eden space 16064K, 0% used [0x00000000eb200000,0x00000000eb200000,0x00000000ec1b0000)
  from space 2624K, 41% used [0x00000000ec440000,0x00000000ec54e058,0x00000000ec6d0000)
  to   space 2624K, 0% used [0x00000000ec1b0000,0x00000000ec1b0000,0x00000000ec440000)
 ParOldGen       total 42752K, used 16K [0x00000000c1600000, 0x00000000c3fc0000, 0x00000000eb200000)
  object space 42752K, 0% used [0x00000000c1600000,0x00000000c1604000,0x00000000c3fc0000)
 PSPermGen       total 21248K, used 5855K [0x00000000bc400000, 0x00000000bd8c0000, 0x00000000c1600000)
  object space 21248K, 27% used [0x00000000bc400000,0x00000000bc9b7fe8,0x00000000bd8c0000)
}

Deoptimization events (4 events):
Event: 0.929 Thread 0x000000000a30b800 Uncommon trap -42 fr.pc 0x000000000219394c
Event: 0.929 Thread 0x000000000a30b800 Uncommon trap -42 fr.pc 0x000000000219394c
Event: 0.929 Thread 0x000000000a30b800 Uncommon trap -42 fr.pc 0x000000000219394c
Event: 0.929 Thread 0x000000000a30b800 Uncommon trap -42 fr.pc 0x000000000219394c

Internal exceptions (10 events):
Event: 1.245 Thread 0x000000000a30b800 Threw 0x00000000eb3dd4e8 at C:\jdk7u2_64p\jdk7u4\hotspot\src\share\vm\prims\jvm.cpp:1166
Event: 1.287 Thread 0x000000000a30b800 Threw 0x00000000eb47ed90 at C:\jdk7u2_64p\jdk7u4\hotspot\src\share\vm\prims\jvm.cpp:1166
Event: 1.288 Thread 0x000000000a30b800 Threw 0x00000000eb482db0 at C:\jdk7u2_64p\jdk7u4\hotspot\src\share\vm\prims\jvm.cpp:1166
Event: 1.290 Thread 0x000000000a30b800 Threw 0x00000000eb489498 at C:\jdk7u2_64p\jdk7u4\hotspot\src\share\vm\prims\jvm.cpp:1166
Event: 1.291 Thread 0x000000000a30b800 Threw 0x00000000eb48ecc0 at C:\jdk7u2_64p\jdk7u4\hotspot\src\share\vm\prims\jvm.cpp:1166
Event: 1.292 Thread 0x000000000a30b800 Threw 0x00000000eb4945d8 at C:\jdk7u2_64p\jdk7u4\hotspot\src\share\vm\prims\jvm.cpp:1166
Event: 1.294 Thread 0x000000000a30b800 Threw 0x00000000eb498ed0 at C:\jdk7u2_64p\jdk7u4\hotspot\src\share\vm\prims\jvm.cpp:1166
Event: 1.328 Thread 0x000000000a30b800 Threw 0x00000000eb4abeb8 at C:\jdk7u2_64p\jdk7u4\hotspot\src\share\vm\prims\jvm.cpp:1166
Event: 1.347 Thread 0x000000000a30b800 Threw 0x00000000eb5b9510 at C:\jdk7u2_64p\jdk7u4\hotspot\src\share\vm\prims\jvm.cpp:1166
Event: 1.349 Thread 0x000000000a30b800 Threw 0x00000000eb5c5b90 at C:\jdk7u2_64p\jdk7u4\hotspot\src\share\vm\prims\jvm.cpp:1166

Events (10 events):
Event: 1.292 loading class 0x000000000a3eb270
Event: 1.292 loading class 0x000000000a3eb270 done
Event: 1.294 loading class 0x000000000a3f09a0
Event: 1.294 loading class 0x000000000a3f09a0 done
Event: 1.328 loading class 0x00000000089ef0f0
Event: 1.328 loading class 0x00000000089ef0f0 done
Event: 1.347 loading class 0x000000000a3ed270
Event: 1.347 loading class 0x000000000a3ed270 done
Event: 1.349 loading class 0x000000000a37d9f0
Event: 1.349 loading class 0x000000000a37d9f0 done


Dynamic libraries:
0x000000003fd50000 - 0x000000003fd84000 	C:\Program Files\Java\jre7\bin\javaw.exe
0x00000000771d0000 - 0x0000000077379000 	C:\Windows\SYSTEM32\ntdll.dll
0x00000000770b0000 - 0x00000000771cf000 	C:\Windows\system32\kernel32.dll
0x00000000fd070000 - 0x00000000fd0db000 	C:\Windows\system32\KERNELBASE.dll
0x00000000ff400000 - 0x00000000ff4db000 	C:\Windows\system32\ADVAPI32.dll
0x00000000febc0000 - 0x00000000fec5f000 	C:\Windows\system32\msvcrt.dll
0x00000000ff3d0000 - 0x00000000ff3ef000 	C:\Windows\SYSTEM32\sechost.dll
0x00000000fea30000 - 0x00000000feb5d000 	C:\Windows\system32\RPCRT4.dll
0x0000000076fb0000 - 0x00000000770aa000 	C:\Windows\system32\USER32.dll
0x00000000fe820000 - 0x00000000fe887000 	C:\Windows\system32\GDI32.dll
0x00000000ff3f0000 - 0x00000000ff3fe000 	C:\Windows\system32\LPK.dll
0x00000000fe1c0000 - 0x00000000fe289000 	C:\Windows\system32\USP10.dll
0x00000000fb920000 - 0x00000000fbb14000 	C:\Windows\WinSxS\amd64_microsoft.windows.common-controls_6595b64144ccf1df_6.0.7601.17514_none_fa396087175ac9ac\COMCTL32.dll
0x00000000fe930000 - 0x00000000fe9a1000 	C:\Windows\system32\SHLWAPI.dll
0x00000000fe170000 - 0x00000000fe19e000 	C:\Windows\system32\IMM32.DLL
0x00000000ff220000 - 0x00000000ff329000 	C:\Windows\system32\MSCTF.dll
0x0000000069d70000 - 0x0000000069e41000 	C:\Program Files\Java\jre7\bin\msvcr100.dll
0x0000000050740000 - 0x0000000050e5a000 	C:\Program Files\Java\jre7\bin\server\jvm.dll
0x00000000f9070000 - 0x00000000f9079000 	C:\Windows\system32\WSOCK32.dll
0x00000000fec60000 - 0x00000000fecad000 	C:\Windows\system32\WS2_32.dll
0x00000000fe370000 - 0x00000000fe378000 	C:\Windows\system32\NSI.dll
0x00000000f9e50000 - 0x00000000f9e8b000 	C:\Windows\system32\WINMM.dll
0x00000000773a0000 - 0x00000000773a7000 	C:\Windows\system32\PSAPI.DLL
0x000000006a0c0000 - 0x000000006a0cf000 	C:\Program Files\Java\jre7\bin\verify.dll
0x0000000069ee0000 - 0x0000000069f08000 	C:\Program Files\Java\jre7\bin\java.dll
0x000000006a0a0000 - 0x000000006a0b5000 	C:\Program Files\Java\jre7\bin\zip.dll
0x0000000065580000 - 0x0000000065610000 	C:\Users\Natesh\AppData\Local\Temp\libgdxNatesh\3692911379\gdx64.dll
0x0000000080000000 - 0x0000000080050000 	C:\Users\Natesh\AppData\Local\Temp\libgdxNatesh\1284024257\lwjgl64.dll
0x00000000f4910000 - 0x00000000f4a2d000 	C:\Windows\system32\OPENGL32.dll
0x00000000f5070000 - 0x00000000f509d000 	C:\Windows\system32\GLU32.dll
0x00000000f4810000 - 0x00000000f4901000 	C:\Windows\system32\DDRAW.dll
0x00000000f5a30000 - 0x00000000f5a38000 	C:\Windows\system32\DCIMAN32.dll
0x00000000feee0000 - 0x00000000ff0b7000 	C:\Windows\system32\SETUPAPI.dll
0x00000000fd340000 - 0x00000000fd376000 	C:\Windows\system32\CFGMGR32.dll
0x00000000fe290000 - 0x00000000fe367000 	C:\Windows\system32\OLEAUT32.dll
0x00000000fe380000 - 0x00000000fe583000 	C:\Windows\system32\ole32.dll
0x00000000fd390000 - 0x00000000fd3aa000 	C:\Windows\system32\DEVOBJ.dll
0x00000000faea0000 - 0x00000000faeb8000 	C:\Windows\system32\dwmapi.dll
0x00000000fbe40000 - 0x00000000fbe4c000 	C:\Windows\system32\VERSION.dll
0x0000000005a40000 - 0x0000000005aa4000 	C:\Users\Natesh\AppData\Local\Temp\libgdxNatesh\1284024257\OpenAL64.dll
0x00000000fd3e0000 - 0x00000000fe168000 	C:\Windows\system32\SHELL32.dll
0x00000000fcee0000 - 0x00000000fceef000 	C:\Windows\system32\CRYPTBASE.dll
0x00000000fb740000 - 0x00000000fb796000 	C:\Windows\system32\uxtheme.dll
0x00000000ff330000 - 0x00000000ff3c9000 	C:\Windows\system32\CLBCatQ.DLL
0x00000000fb7a0000 - 0x00000000fb8cc000 	C:\Windows\System32\PROPSYS.dll
0x00000000fd250000 - 0x00000000fd289000 	C:\Windows\system32\WINTRUST.dll
0x00000000fd0e0000 - 0x00000000fd24a000 	C:\Windows\system32\CRYPT32.dll
0x00000000fd050000 - 0x00000000fd05f000 	C:\Windows\system32\MSASN1.dll
0x00000000f50a0000 - 0x00000000f5128000 	C:\Windows\system32\dsound.dll
0x00000000fb090000 - 0x00000000fb0bc000 	C:\Windows\system32\POWRPROF.dll
0x00000000fb040000 - 0x00000000fb08b000 	C:\Windows\System32\MMDevApi.dll
0x00000000f9d20000 - 0x00000000f9d6f000 	C:\Windows\system32\AUDIOSES.DLL
0x000000000b450000 - 0x000000000c723000 	C:\Windows\system32\ig4icd64.dll
0x00000000f0f20000 - 0x00000000f0fbc000 	C:\Windows\system32\mscms.dll
0x00000000fc2b0000 - 0x00000000fc2ce000 	C:\Windows\system32\USERENV.dll
0x00000000fcfb0000 - 0x00000000fcfbf000 	C:\Windows\system32\profapi.dll
0x00000000f1590000 - 0x00000000f15d2000 	C:\Windows\system32\icm32.dll
0x0000000068900000 - 0x0000000068a0f000 	C:\Users\Natesh\AppData\Local\Temp\libgdxNatesh\348956776\gdx-controllers-desktop64.dll
0x00000000f6d40000 - 0x00000000f6d7c000 	C:\Windows\system32\DINPUT8.dll
0x00000000faec0000 - 0x00000000faecb000 	C:\Windows\system32\HID.DLL
0x00000000096b0000 - 0x0000000009705000 	C:\Windows\system32\MijFrc.dll
0x00000000f8fc0000 - 0x00000000f8fee000 	C:\Windows\system32\DINPUT.dll
0x00000000f5900000 - 0x00000000f5a25000 	C:\Windows\system32\dbghelp.dll

VM Arguments:
jvm_args: -Dfile.encoding=Cp1252 
java_command: com.nnarian.fps.Main
Launcher Type: SUN_STANDARD

Environment Variables:
CLASSPATH=.;.;C:\PROGRA~2\JMF21~1.1E\lib\sound.jar;C:\PROGRA~2\JMF21~1.1E\lib\jmf.jar;C:\PROGRA~2\JMF21~1.1E\lib;
PATH=C:\Windows\System32;C:\Program Files (x86)\PHP\;C:\WinAVR-20100110\bin;C:\WinAVR-20100110\utils\bin;C:\Program Files (x86)\Microchip\xc16\v1.10\bin;C:\Program Files\Common Files\Microsoft Shared\Windows Live;C:\Program Files (x86)\Common Files\Microsoft Shared\Windows Live;C:\Program Files (x86)\Windows Live\Shared;c:\Program Files (x86)\Microsoft SQL Server\100\Tools\Binn\;c:\Program Files\Microsoft SQL Server\100\Tools\Binn\;c:\Program Files\Microsoft SQL Server\100\DTS\Binn\;C:\Users\Natesh\AppData\Local\Smartbar\Application\;C:\Users\Natesh\AppData\Local\Smartbar\Application\;C:\Program Files\Internet Explorer;C:\Program Files\Microsoft SQL Server\110\Tools\Binn\;C:\Program Files (x86)\GtkSharp\2.12\bin;C:\Emgu\emgucv-windows-x86 2.4.0.1717\bin\x86;C:\Python33;C:\jython2.7b1;C:\Program Files (x86)\Microsoft Visual Studio 11.0\VC\bin;C:\MinGW\bin;C:\Program Files\Java\jdk1.7.0_04\bin
USERNAME=Natesh
OS=Windows_NT
PROCESSOR_IDENTIFIER=Intel64 Family 6 Model 42 Stepping 7, GenuineIntel



---------------  S Y S T E M  ---------------

OS: Windows 7 , 64 bit Build 7601 Service Pack 1

CPU:total 4 (2 cores per cpu, 2 threads per core) family 6 model 42 stepping 7, cmov, cx8, fxsr, mmx, sse, sse2, sse3, ssse3, sse4.1, sse4.2, popcnt, avx, ht, tsc, tscinvbit

Memory: 4k page, physical 4096284k(1736156k free), swap 8190708k(5426676k free)

vm_info: Java HotSpot(TM) 64-Bit Server VM (23.0-b21) for windows-amd64 JRE (1.7.0_04-b22), built on May  2 2012 23:28:26 by "java_re" with unknown MS VC++:1600

time: Sat Jun 08 14:55:33 2013
elapsed time: 1 seconds

